This file contains any messages produced by compilers while
running configure, to aid debugging if configure makes a mistake.

It was created by configure, which was
generated by GNU Autoconf 2.69.  Invocation command line was

  $ ./configure 

## --------- ##
## Platform. ##
## --------- ##

hostname = milo.cm.sissa.it
uname -m = x86_64
uname -r = 2.6.32-696.16.1.el6.x86_64
uname -s = Linux
uname -v = #1 SMP Wed Nov 15 11:16:48 CET 2017

/usr/bin/uname -p = unknown
/bin/uname -X     = unknown

/bin/arch              = x86_64
/usr/bin/arch -k       = unknown
/usr/convex/getsysinfo = unknown
/usr/bin/hostinfo      = unknown
/bin/machine           = unknown
/usr/bin/oslevel       = unknown
/bin/universe          = unknown

PATH: /usr/lib64/qt-3.3/bin
PATH: /usr/local/bin
PATH: /usr/bin
PATH: /bin
PATH: /usr/local/sbin
PATH: /usr/sbin
PATH: /sbin
PATH: /u/cm/marsamos/git-1.7.3.4/bin/bin
PATH: /u/cm/marsamos/bin
PATH: /u/cm/marsamos/git-1.7.3.4/bin/bin


## ----------- ##
## Core tests. ##
## ----------- ##

configure:2447: checking build system type
configure:2461: result: x86_64-pc-linux-gnu
configure:2481: checking host system type
configure:2494: result: x86_64-pc-linux-gnu
configure:2584: checking for gcc
configure:2600: found /usr/bin/gcc
configure:2611: result: gcc
configure:2840: checking for C compiler version
configure:2849: gcc --version >&5
gcc (GCC) 4.4.7 20120313 (Red Hat 4.4.7-18)
Copyright (C) 2010 Free Software Foundation, Inc.
This is free software; see the source for copying conditions.  There is NO
warranty; not even for MERCHANTABILITY or FITNESS FOR A PARTICULAR PURPOSE.

configure:2860: $? = 0
configure:2849: gcc -v >&5
Using built-in specs.
Target: x86_64-redhat-linux
Configured with: ../configure --prefix=/usr --mandir=/usr/share/man --infodir=/usr/share/info --with-bugurl=http://bugzilla.redhat.com/bugzilla --enable-bootstrap --enable-shared --enable-threads=posix --enable-checking=release --with-system-zlib --enable-__cxa_atexit --disable-libunwind-exceptions --enable-gnu-unique-object --enable-languages=c,c++,objc,obj-c++,java,fortran,ada --enable-java-awt=gtk --disable-dssi --with-java-home=/usr/lib/jvm/java-1.5.0-gcj-1.5.0.0/jre --enable-libgcj-multifile --enable-java-maintainer-mode --with-ecj-jar=/usr/share/java/eclipse-ecj.jar --disable-libjava-multilib --with-ppl --with-cloog --with-tune=generic --with-arch_32=i686 --build=x86_64-redhat-linux
Thread model: posix
gcc version 4.4.7 20120313 (Red Hat 4.4.7-18) (GCC) 
configure:2860: $? = 0
configure:2849: gcc -V >&5
gcc: '-V' option must have argument
configure:2860: $? = 1
configure:2849: gcc -qversion >&5
gcc: unrecognized option '-qversion'
gcc: no input files
configure:2860: $? = 1
configure:2880: checking whether the C compiler works
configure:2902: gcc    conftest.c  >&5
configure:2906: $? = 0
configure:2954: result: yes
configure:2957: checking for C compiler default output file name
configure:2959: result: a.out
configure:2965: checking for suffix of executables
configure:2972: gcc -o conftest    conftest.c  >&5
configure:2976: $? = 0
configure:2998: result: 
configure:3020: checking whether we are cross compiling
configure:3028: gcc -o conftest    conftest.c  >&5
configure:3032: $? = 0
configure:3039: ./conftest
configure:3043: $? = 0
configure:3058: result: no
configure:3063: checking for suffix of object files
configure:3085: gcc -c   conftest.c >&5
configure:3089: $? = 0
configure:3110: result: o
configure:3114: checking whether we are using the GNU C compiler
configure:3133: gcc -c   conftest.c >&5
configure:3133: $? = 0
configure:3142: result: yes
configure:3151: checking whether gcc accepts -g
configure:3171: gcc -c -g  conftest.c >&5
configure:3171: $? = 0
configure:3212: result: yes
configure:3229: checking for gcc option to accept ISO C89
configure:3292: gcc  -c -g -O2  conftest.c >&5
configure:3292: $? = 0
configure:3305: result: none needed
configure:3335: checking for special C compiler options needed for large files
configure:3380: result: no
configure:3386: checking for _FILE_OFFSET_BITS value needed for large files
configure:3411: gcc -c   conftest.c >&5
configure:3411: $? = 0
configure:3443: result: no
configure:3595: checking if gcc supports -O4 -Werror flags
configure:3606: gcc -o conftest -O4 -Werror   conftest.c  >&5
cc1: warnings being treated as errors
conftest.c: In function 'main':
conftest.c:9: error: incompatible implicit declaration of built-in function 'exit'
configure:3606: $? = 1
configure: program exited with status 1
configure: failed program was:
| /* confdefs.h */
| #define PACKAGE_NAME ""
| #define PACKAGE_TARNAME ""
| #define PACKAGE_VERSION ""
| #define PACKAGE_STRING ""
| #define PACKAGE_BUGREPORT ""
| #define PACKAGE_URL ""
| /* end confdefs.h.  */
| main(){exit(0);}
configure:3616: result: no
configure:3624: checking if gcc supports -O3 flags
configure:3635: gcc -o conftest -O3   conftest.c  >&5
conftest.c: In function 'main':
conftest.c:9: warning: incompatible implicit declaration of built-in function 'exit'
configure:3635: $? = 0
configure:3635: ./conftest
configure:3635: $? = 0
configure:3645: result: yes
configure:3691: checking for sys/wait.h that is POSIX.1 compatible
configure:3717: gcc -c  -O3  conftest.c >&5
configure:3717: $? = 0
configure:3724: result: yes
configure:3737: checking how to run the C preprocessor
configure:3768: gcc -E  conftest.c
configure:3768: $? = 0
configure:3782: gcc -E  conftest.c
conftest.c:10:28: error: ac_nonexistent.h: No such file or directory
configure:3782: $? = 1
configure: failed program was:
| /* confdefs.h */
| #define PACKAGE_NAME ""
| #define PACKAGE_TARNAME ""
| #define PACKAGE_VERSION ""
| #define PACKAGE_STRING ""
| #define PACKAGE_BUGREPORT ""
| #define PACKAGE_URL ""
| #define HAVE_SYS_WAIT_H 1
| /* end confdefs.h.  */
| #include <ac_nonexistent.h>
configure:3807: result: gcc -E
configure:3827: gcc -E  conftest.c
configure:3827: $? = 0
configure:3841: gcc -E  conftest.c
conftest.c:10:28: error: ac_nonexistent.h: No such file or directory
configure:3841: $? = 1
configure: failed program was:
| /* confdefs.h */
| #define PACKAGE_NAME ""
| #define PACKAGE_TARNAME ""
| #define PACKAGE_VERSION ""
| #define PACKAGE_STRING ""
| #define PACKAGE_BUGREPORT ""
| #define PACKAGE_URL ""
| #define HAVE_SYS_WAIT_H 1
| /* end confdefs.h.  */
| #include <ac_nonexistent.h>
configure:3870: checking for grep that handles long lines and -e
configure:3928: result: /bin/grep
configure:3933: checking for egrep
configure:3995: result: /bin/grep -E
configure:4000: checking for ANSI C header files
configure:4020: gcc -c  -O3  conftest.c >&5
configure:4020: $? = 0
configure:4093: gcc -o conftest  -O3   conftest.c  >&5
configure:4093: $? = 0
configure:4093: ./conftest
configure:4093: $? = 0
configure:4104: result: yes
configure:4117: checking for sys/types.h
configure:4117: gcc -c  -O3  conftest.c >&5
configure:4117: $? = 0
configure:4117: result: yes
configure:4117: checking for sys/stat.h
configure:4117: gcc -c  -O3  conftest.c >&5
configure:4117: $? = 0
configure:4117: result: yes
configure:4117: checking for stdlib.h
configure:4117: gcc -c  -O3  conftest.c >&5
configure:4117: $? = 0
configure:4117: result: yes
configure:4117: checking for string.h
configure:4117: gcc -c  -O3  conftest.c >&5
configure:4117: $? = 0
configure:4117: result: yes
configure:4117: checking for memory.h
configure:4117: gcc -c  -O3  conftest.c >&5
configure:4117: $? = 0
configure:4117: result: yes
configure:4117: checking for strings.h
configure:4117: gcc -c  -O3  conftest.c >&5
configure:4117: $? = 0
configure:4117: result: yes
configure:4117: checking for inttypes.h
configure:4117: gcc -c  -O3  conftest.c >&5
configure:4117: $? = 0
configure:4117: result: yes
configure:4117: checking for stdint.h
configure:4117: gcc -c  -O3  conftest.c >&5
configure:4117: $? = 0
configure:4117: result: yes
configure:4117: checking for unistd.h
configure:4117: gcc -c  -O3  conftest.c >&5
configure:4117: $? = 0
configure:4117: result: yes
configure:4132: checking signal.h usability
configure:4132: gcc -c  -O3  conftest.c >&5
configure:4132: $? = 0
configure:4132: result: yes
configure:4132: checking signal.h presence
configure:4132: gcc -E  conftest.c
configure:4132: $? = 0
configure:4132: result: yes
configure:4132: checking for signal.h
configure:4132: result: yes
configure:4132: checking stddef.h usability
configure:4132: gcc -c  -O3  conftest.c >&5
configure:4132: $? = 0
configure:4132: result: yes
configure:4132: checking stddef.h presence
configure:4132: gcc -E  conftest.c
configure:4132: $? = 0
configure:4132: result: yes
configure:4132: checking for stddef.h
configure:4132: result: yes
configure:4132: checking for unistd.h
configure:4132: result: yes
configure:4132: checking for sys/types.h
configure:4132: result: yes
configure:4132: checking for sys/wait.h
configure:4132: result: yes
configure:4132: checking for stdlib.h
configure:4132: result: yes
configure:4132: checking for string.h
configure:4132: result: yes
configure:4132: checking errno.h usability
configure:4132: gcc -c  -O3  conftest.c >&5
configure:4132: $? = 0
configure:4132: result: yes
configure:4132: checking errno.h presence
configure:4132: gcc -E  conftest.c
configure:4132: $? = 0
configure:4132: result: yes
configure:4132: checking for errno.h
configure:4132: result: yes
configure:4132: checking pthread.h usability
configure:4132: gcc -c  -O3  conftest.c >&5
configure:4132: $? = 0
configure:4132: result: yes
configure:4132: checking pthread.h presence
configure:4132: gcc -E  conftest.c
configure:4132: $? = 0
configure:4132: result: yes
configure:4132: checking for pthread.h
configure:4132: result: yes
configure:4197: checking for pid_t
configure:4197: gcc -c  -O3  conftest.c >&5
configure:4197: $? = 0
configure:4197: gcc -c  -O3  conftest.c >&5
conftest.c: In function 'main':
conftest.c:65: error: expected expression before ')' token
configure:4197: $? = 1
configure: failed program was:
| /* confdefs.h */
| #define PACKAGE_NAME ""
| #define PACKAGE_TARNAME ""
| #define PACKAGE_VERSION ""
| #define PACKAGE_STRING ""
| #define PACKAGE_BUGREPORT ""
| #define PACKAGE_URL ""
| #define HAVE_SYS_WAIT_H 1
| #define STDC_HEADERS 1
| #define HAVE_SYS_TYPES_H 1
| #define HAVE_SYS_STAT_H 1
| #define HAVE_STDLIB_H 1
| #define HAVE_STRING_H 1
| #define HAVE_MEMORY_H 1
| #define HAVE_STRINGS_H 1
| #define HAVE_INTTYPES_H 1
| #define HAVE_STDINT_H 1
| #define HAVE_UNISTD_H 1
| #define HAVE_SIGNAL_H 1
| #define HAVE_STDDEF_H 1
| #define HAVE_UNISTD_H 1
| #define HAVE_SYS_TYPES_H 1
| #define HAVE_SYS_WAIT_H 1
| #define HAVE_STDLIB_H 1
| #define HAVE_STRING_H 1
| #define HAVE_ERRNO_H 1
| #define HAVE_PTHREAD_H 1
| /* end confdefs.h.  */
| #include <stdio.h>
| #ifdef HAVE_SYS_TYPES_H
| # include <sys/types.h>
| #endif
| #ifdef HAVE_SYS_STAT_H
| # include <sys/stat.h>
| #endif
| #ifdef STDC_HEADERS
| # include <stdlib.h>
| # include <stddef.h>
| #else
| # ifdef HAVE_STDLIB_H
| #  include <stdlib.h>
| # endif
| #endif
| #ifdef HAVE_STRING_H
| # if !defined STDC_HEADERS && defined HAVE_MEMORY_H
| #  include <memory.h>
| # endif
| # include <string.h>
| #endif
| #ifdef HAVE_STRINGS_H
| # include <strings.h>
| #endif
| #ifdef HAVE_INTTYPES_H
| # include <inttypes.h>
| #endif
| #ifdef HAVE_STDINT_H
| # include <stdint.h>
| #endif
| #ifdef HAVE_UNISTD_H
| # include <unistd.h>
| #endif
| int
| main ()
| {
| if (sizeof ((pid_t)))
| 	    return 0;
|   ;
|   return 0;
| }
configure:4197: result: yes
configure:4215: checking if malloc is declared in stdlib.h or malloc.h
configure:4246: result: 1
configure:4249: checking if ftell is declared in stdio.h
configure:4265: result: 1
configure:4268: checking if fdopen is declared in stdio.h
configure:4284: result: 1
configure:4287: checking if popen is declared in stdio.h
configure:4303: result: 1
configure:4306: checking if putenv is declared in stdlib.h
configure:4322: result: 1
configure:4325: checking if setenv is declared in stdlib.h
configure:4341: result: 1
configure:4344: checking if INFINITY is declared in math.h
configure:4364: result: 1
configure:4371: checking size of int
configure:4376: gcc -o conftest  -O3   conftest.c  >&5
configure:4376: $? = 0
configure:4376: ./conftest
configure:4376: $? = 0
configure:4390: result: 4
configure:4405: checking size of long
configure:4410: gcc -o conftest  -O3   conftest.c  >&5
configure:4410: $? = 0
configure:4410: ./conftest
configure:4410: $? = 0
configure:4424: result: 8
configure:4439: checking size of long long
configure:4444: gcc -o conftest  -O3   conftest.c  >&5
configure:4444: $? = 0
configure:4444: ./conftest
configure:4444: $? = 0
configure:4458: result: 8
configure:4473: checking size of __int128_t
configure:4478: gcc -o conftest  -O3   conftest.c  >&5
configure:4478: $? = 0
configure:4478: ./conftest
configure:4478: $? = 0
configure:4492: result: 16
configure:4518: checking for an ANSI C-conforming const
configure:4584: gcc -c  -O3  conftest.c >&5
configure:4584: $? = 0
configure:4591: result: yes
configure:4606: checking for isatty
configure:4606: gcc -o conftest  -O3   conftest.c  >&5
configure:4606: $? = 0
configure:4606: result: yes
configure:4614: checking for time
configure:4614: gcc -o conftest  -O3   conftest.c  >&5
configure:4614: $? = 0
configure:4614: result: yes
configure:4622: checking for gettimeofday
configure:4622: gcc -o conftest  -O3   conftest.c  >&5
configure:4622: $? = 0
configure:4622: result: yes
configure:4630: checking for times
configure:4630: gcc -o conftest  -O3   conftest.c  >&5
configure:4630: $? = 0
configure:4630: result: yes
configure:4638: checking for getrusage
configure:4638: gcc -o conftest  -O3   conftest.c  >&5
configure:4638: $? = 0
configure:4638: result: yes
configure:4646: checking for perror
configure:4646: gcc -o conftest  -O3   conftest.c  >&5
configure:4646: $? = 0
configure:4646: result: yes
configure:4654: checking for pipe
configure:4654: gcc -o conftest  -O3   conftest.c  >&5
configure:4654: $? = 0
configure:4654: result: yes
configure:4662: checking for wait
configure:4662: gcc -o conftest  -O3   conftest.c  >&5
configure:4662: $? = 0
configure:4662: result: yes
configure:4670: checking for popen
configure:4670: gcc -o conftest  -O3   conftest.c  >&5
configure:4670: $? = 0
configure:4670: result: yes
configure:4678: checking for putenv
configure:4678: gcc -o conftest  -O3   conftest.c  >&5
configure:4678: $? = 0
configure:4678: result: yes
configure:4686: checking for setenv
configure:4686: gcc -o conftest  -O3   conftest.c  >&5
configure:4686: $? = 0
configure:4686: result: yes
configure:4696: checking vfork.h usability
configure:4696: gcc -c  -O3  conftest.c >&5
conftest.c:66:19: error: vfork.h: No such file or directory
configure:4696: $? = 1
configure: failed program was:
| /* confdefs.h */
| #define PACKAGE_NAME ""
| #define PACKAGE_TARNAME ""
| #define PACKAGE_VERSION ""
| #define PACKAGE_STRING ""
| #define PACKAGE_BUGREPORT ""
| #define PACKAGE_URL ""
| #define HAVE_SYS_WAIT_H 1
| #define STDC_HEADERS 1
| #define HAVE_SYS_TYPES_H 1
| #define HAVE_SYS_STAT_H 1
| #define HAVE_STDLIB_H 1
| #define HAVE_STRING_H 1
| #define HAVE_MEMORY_H 1
| #define HAVE_STRINGS_H 1
| #define HAVE_INTTYPES_H 1
| #define HAVE_STDINT_H 1
| #define HAVE_UNISTD_H 1
| #define HAVE_SIGNAL_H 1
| #define HAVE_STDDEF_H 1
| #define HAVE_UNISTD_H 1
| #define HAVE_SYS_TYPES_H 1
| #define HAVE_SYS_WAIT_H 1
| #define HAVE_STDLIB_H 1
| #define HAVE_STRING_H 1
| #define HAVE_ERRNO_H 1
| #define HAVE_PTHREAD_H 1
| #define SIZEOF_INT 4
| #define SIZEOF_LONG 8
| #define SIZEOF_LONG_LONG 8
| #define SIZEOF___INT128_T 16
| /* end confdefs.h.  */
| #include <stdio.h>
| #ifdef HAVE_SYS_TYPES_H
| # include <sys/types.h>
| #endif
| #ifdef HAVE_SYS_STAT_H
| # include <sys/stat.h>
| #endif
| #ifdef STDC_HEADERS
| # include <stdlib.h>
| # include <stddef.h>
| #else
| # ifdef HAVE_STDLIB_H
| #  include <stdlib.h>
| # endif
| #endif
| #ifdef HAVE_STRING_H
| # if !defined STDC_HEADERS && defined HAVE_MEMORY_H
| #  include <memory.h>
| # endif
| # include <string.h>
| #endif
| #ifdef HAVE_STRINGS_H
| # include <strings.h>
| #endif
| #ifdef HAVE_INTTYPES_H
| # include <inttypes.h>
| #endif
| #ifdef HAVE_STDINT_H
| # include <stdint.h>
| #endif
| #ifdef HAVE_UNISTD_H
| # include <unistd.h>
| #endif
| #include <vfork.h>
configure:4696: result: no
configure:4696: checking vfork.h presence
configure:4696: gcc -E  conftest.c
conftest.c:33:19: error: vfork.h: No such file or directory
configure:4696: $? = 1
configure: failed program was:
| /* confdefs.h */
| #define PACKAGE_NAME ""
| #define PACKAGE_TARNAME ""
| #define PACKAGE_VERSION ""
| #define PACKAGE_STRING ""
| #define PACKAGE_BUGREPORT ""
| #define PACKAGE_URL ""
| #define HAVE_SYS_WAIT_H 1
| #define STDC_HEADERS 1
| #define HAVE_SYS_TYPES_H 1
| #define HAVE_SYS_STAT_H 1
| #define HAVE_STDLIB_H 1
| #define HAVE_STRING_H 1
| #define HAVE_MEMORY_H 1
| #define HAVE_STRINGS_H 1
| #define HAVE_INTTYPES_H 1
| #define HAVE_STDINT_H 1
| #define HAVE_UNISTD_H 1
| #define HAVE_SIGNAL_H 1
| #define HAVE_STDDEF_H 1
| #define HAVE_UNISTD_H 1
| #define HAVE_SYS_TYPES_H 1
| #define HAVE_SYS_WAIT_H 1
| #define HAVE_STDLIB_H 1
| #define HAVE_STRING_H 1
| #define HAVE_ERRNO_H 1
| #define HAVE_PTHREAD_H 1
| #define SIZEOF_INT 4
| #define SIZEOF_LONG 8
| #define SIZEOF_LONG_LONG 8
| #define SIZEOF___INT128_T 16
| /* end confdefs.h.  */
| #include <vfork.h>
configure:4696: result: no
configure:4696: checking for vfork.h
configure:4696: result: no
configure:4709: checking for fork
configure:4709: gcc -o conftest  -O3   conftest.c  >&5
conftest.c:56: warning: conflicting types for built-in function 'fork'
configure:4709: $? = 0
configure:4709: result: yes
configure:4709: checking for vfork
configure:4709: gcc -o conftest  -O3   conftest.c  >&5
configure:4709: $? = 0
configure:4709: result: yes
configure:4719: checking for working fork
configure:4741: gcc -o conftest  -O3   conftest.c  >&5
configure:4741: $? = 0
configure:4741: ./conftest
configure:4741: $? = 0
configure:4751: result: yes
configure:4772: checking for working vfork
configure:4882: result: yes
configure:4914: checking for fseeko
configure:4914: gcc -o conftest  -O3   conftest.c  >&5
configure:4914: $? = 0
configure:4914: result: yes
configure:4922: checking for sigaction
configure:4922: gcc -o conftest  -O3   conftest.c  >&5
configure:4922: $? = 0
configure:4922: result: yes
configure:4930: checking for sigprocmask
configure:4930: gcc -o conftest  -O3   conftest.c  >&5
configure:4930: $? = 0
configure:4930: result: yes
configure:4940: checking if popcnt instruction is available and requested
configure:4962: result: 1
configure:5013: checking if __builtin_popcount() is supported
configure:5019: gcc -o conftest  -O3 -mpopcnt   conftest.c  >&5
configure:5019: $? = 0
configure:5026: result: 1
configure:5028: checking if __builtin_popcountl() is supported
configure:5034: gcc -o conftest  -O3 -mpopcnt   conftest.c  >&5
configure:5034: $? = 0
configure:5041: result: 1
configure:5043: checking if __builtin_popcountll() is supported
configure:5049: gcc -o conftest  -O3 -mpopcnt   conftest.c  >&5
configure:5049: $? = 0
configure:5056: result: 1
configure:5082: checking if __builtin_clz() is supported
configure:5088: gcc -o conftest  -O3   conftest.c  >&5
configure:5088: $? = 0
configure:5095: result: 1
configure:5097: checking if __builtin_clzl() is supported
configure:5103: gcc -o conftest  -O3   conftest.c  >&5
configure:5103: $? = 0
configure:5110: result: 1
configure:5112: checking if __builtin_clzll() is supported
configure:5118: gcc -o conftest  -O3   conftest.c  >&5
configure:5118: $? = 0
configure:5125: result: 1
configure:5139: checking for pthread_create
configure:5139: gcc -o conftest  -O3   conftest.c  >&5
/tmp/ccjPUhXO.o: In function `main':
conftest.c:(.text+0x7): undefined reference to `pthread_create'
collect2: ld returned 1 exit status
configure:5139: $? = 1
configure: failed program was:
| /* confdefs.h */
| #define PACKAGE_NAME ""
| #define PACKAGE_TARNAME ""
| #define PACKAGE_VERSION ""
| #define PACKAGE_STRING ""
| #define PACKAGE_BUGREPORT ""
| #define PACKAGE_URL ""
| #define HAVE_SYS_WAIT_H 1
| #define STDC_HEADERS 1
| #define HAVE_SYS_TYPES_H 1
| #define HAVE_SYS_STAT_H 1
| #define HAVE_STDLIB_H 1
| #define HAVE_STRING_H 1
| #define HAVE_MEMORY_H 1
| #define HAVE_STRINGS_H 1
| #define HAVE_INTTYPES_H 1
| #define HAVE_STDINT_H 1
| #define HAVE_UNISTD_H 1
| #define HAVE_SIGNAL_H 1
| #define HAVE_STDDEF_H 1
| #define HAVE_UNISTD_H 1
| #define HAVE_SYS_TYPES_H 1
| #define HAVE_SYS_WAIT_H 1
| #define HAVE_STDLIB_H 1
| #define HAVE_STRING_H 1
| #define HAVE_ERRNO_H 1
| #define HAVE_PTHREAD_H 1
| #define SIZEOF_INT 4
| #define SIZEOF_LONG 8
| #define SIZEOF_LONG_LONG 8
| #define SIZEOF___INT128_T 16
| #define HAVE_FORK 1
| #define HAVE_VFORK 1
| #define HAVE_WORKING_VFORK 1
| #define HAVE_WORKING_FORK 1
| /* end confdefs.h.  */
| /* Define pthread_create to an innocuous variant, in case <limits.h> declares pthread_create.
|    For example, HP-UX 11i <limits.h> declares gettimeofday.  */
| #define pthread_create innocuous_pthread_create
| 
| /* System header to define __stub macros and hopefully few prototypes,
|     which can conflict with char pthread_create (); below.
|     Prefer <limits.h> to <assert.h> if __STDC__ is defined, since
|     <limits.h> exists even on freestanding compilers.  */
| 
| #ifdef __STDC__
| # include <limits.h>
| #else
| # include <assert.h>
| #endif
| 
| #undef pthread_create
| 
| /* Override any GCC internal prototype to avoid an error.
|    Use char because int might match the return type of a GCC
|    builtin and then its argument prototype would still apply.  */
| #ifdef __cplusplus
| extern "C"
| #endif
| char pthread_create ();
| /* The GNU C library defines this for functions which it implements
|     to always fail with ENOSYS.  Some functions are actually named
|     something starting with __ and the normal name is an alias.  */
| #if defined __stub_pthread_create || defined __stub___pthread_create
| choke me
| #endif
| 
| int
| main ()
| {
| return pthread_create ();
|   ;
|   return 0;
| }
configure:5139: result: no
configure:5150: checking for pthread_create in -lpthread
configure:5175: gcc -o conftest  -O3   conftest.c -lpthread   >&5
configure:5175: $? = 0
configure:5184: result: yes
configure:5212: checking for getc_unlocked
configure:5212: gcc -o conftest  -O3   conftest.c  >&5
configure:5212: $? = 0
configure:5212: result: yes
configure:5219: checking for flockfile
configure:5219: gcc -o conftest  -O3   conftest.c  >&5
configure:5219: $? = 0
configure:5219: result: yes
configure:5404: checking for gsort
configure:5434: result: no
configure:5404: checking for sort
configure:5420: found /bin/sort
configure:5431: result: sort
configure:5445: checking if sort supports the -k switch
configure:5453: result: 1
configure:5614: creating ./config.status

## ---------------------- ##
## Running config.status. ##
## ---------------------- ##

This file was extended by config.status, which was
generated by GNU Autoconf 2.69.  Invocation command line was

  CONFIG_FILES    = 
  CONFIG_HEADERS  = 
  CONFIG_LINKS    = 
  CONFIG_COMMANDS = 
  $ ./config.status 

on milo.cm.sissa.it

config.status:798: creating makefile
config.status:798: creating nauty.h
config.status:798: creating naututil.h
config.status:798: creating gtools.h

## ---------------- ##
## Cache variables. ##
## ---------------- ##

ac_cv_build=x86_64-pc-linux-gnu
ac_cv_c_compiler_gnu=yes
ac_cv_c_const=yes
ac_cv_env_CC_set=
ac_cv_env_CC_value=
ac_cv_env_CFLAGS_set=
ac_cv_env_CFLAGS_value=
ac_cv_env_CPPFLAGS_set=
ac_cv_env_CPPFLAGS_value=
ac_cv_env_CPP_set=
ac_cv_env_CPP_value=
ac_cv_env_LDFLAGS_set=
ac_cv_env_LDFLAGS_value=
ac_cv_env_LIBS_set=
ac_cv_env_LIBS_value=
ac_cv_env_build_alias_set=
ac_cv_env_build_alias_value=
ac_cv_env_host_alias_set=
ac_cv_env_host_alias_value=
ac_cv_env_target_alias_set=
ac_cv_env_target_alias_value=
ac_cv_func_flockfile=yes
ac_cv_func_fork=yes
ac_cv_func_fork_works=yes
ac_cv_func_fseeko=yes
ac_cv_func_getc_unlocked=yes
ac_cv_func_getrusage=yes
ac_cv_func_gettimeofday=yes
ac_cv_func_isatty=yes
ac_cv_func_perror=yes
ac_cv_func_pipe=yes
ac_cv_func_popen=yes
ac_cv_func_pthread_create=no
ac_cv_func_putenv=yes
ac_cv_func_setenv=yes
ac_cv_func_sigaction=yes
ac_cv_func_sigprocmask=yes
ac_cv_func_time=yes
ac_cv_func_times=yes
ac_cv_func_vfork=yes
ac_cv_func_vfork_works=yes
ac_cv_func_wait=yes
ac_cv_header_errno_h=yes
ac_cv_header_inttypes_h=yes
ac_cv_header_memory_h=yes
ac_cv_header_pthread_h=yes
ac_cv_header_signal_h=yes
ac_cv_header_stdc=yes
ac_cv_header_stddef_h=yes
ac_cv_header_stdint_h=yes
ac_cv_header_stdlib_h=yes
ac_cv_header_string_h=yes
ac_cv_header_strings_h=yes
ac_cv_header_sys_stat_h=yes
ac_cv_header_sys_types_h=yes
ac_cv_header_sys_wait_h=yes
ac_cv_header_unistd_h=yes
ac_cv_header_vfork_h=no
ac_cv_host=x86_64-pc-linux-gnu
ac_cv_lib_pthread_pthread_create=yes
ac_cv_objext=o
ac_cv_path_EGREP='/bin/grep -E'
ac_cv_path_GREP=/bin/grep
ac_cv_prog_CPP='gcc -E'
ac_cv_prog_ac_ct_CC=gcc
ac_cv_prog_cc_c89=
ac_cv_prog_cc_g=yes
ac_cv_prog_sort_prog=sort
ac_cv_sizeof___int128_t=16
ac_cv_sizeof_int=4
ac_cv_sizeof_long=8
ac_cv_sizeof_long_long=8
ac_cv_sys_file_offset_bits=0
ac_cv_sys_largefile_CC=no
ac_cv_tls=
ac_cv_try_cflags_ok=yes
ac_cv_type_pid_t=yes

## ----------------- ##
## Output variables. ##
## ----------------- ##

CC='gcc'
CFLAGS=' -O3'
CPP='gcc -E'
CPPFLAGS=''
DEFS='-DPACKAGE_NAME=\"\" -DPACKAGE_TARNAME=\"\" -DPACKAGE_VERSION=\"\" -DPACKAGE_STRING=\"\" -DPACKAGE_BUGREPORT=\"\" -DPACKAGE_URL=\"\" -DHAVE_SYS_WAIT_H=1 -DSTDC_HEADERS=1 -DHAVE_SYS_TYPES_H=1 -DHAVE_SYS_STAT_H=1 -DHAVE_STDLIB_H=1 -DHAVE_STRING_H=1 -DHAVE_MEMORY_H=1 -DHAVE_STRINGS_H=1 -DHAVE_INTTYPES_H=1 -DHAVE_STDINT_H=1 -DHAVE_UNISTD_H=1 -DHAVE_SIGNAL_H=1 -DHAVE_STDDEF_H=1 -DHAVE_UNISTD_H=1 -DHAVE_SYS_TYPES_H=1 -DHAVE_SYS_WAIT_H=1 -DHAVE_STDLIB_H=1 -DHAVE_STRING_H=1 -DHAVE_ERRNO_H=1 -DHAVE_PTHREAD_H=1 -DSIZEOF_INT=4 -DSIZEOF_LONG=8 -DSIZEOF_LONG_LONG=8 -DSIZEOF___INT128_T=16 -DHAVE_FORK=1 -DHAVE_VFORK=1 -DHAVE_WORKING_VFORK=1 -DHAVE_WORKING_FORK=1'
ECHO_C=''
ECHO_N='-n'
ECHO_T=''
EGREP='/bin/grep -E'
EXEEXT=''
GREP='/bin/grep'
LDFLAGS=''
LIBOBJS=''
LIBS=''
LTLIBOBJS=''
MORECFLAGS=' -mpopcnt'
OBJEXT='o'
PACKAGE_BUGREPORT=''
PACKAGE_NAME=''
PACKAGE_STRING=''
PACKAGE_TARNAME=''
PACKAGE_URL=''
PACKAGE_VERSION=''
PATH_SEPARATOR=':'
SHELL='/bin/sh'
ac_ct_CC='gcc'
ac_cv_sizeof___int128_t='16'
ac_cv_sizeof_int='4'
ac_cv_sizeof_long='8'
ac_cv_sizeof_long_long='8'
ac_cv_sys_file_offset_bits='0'
ac_cv_tls=''
allow_interrupt='1'
bindir='${exec_prefix}/bin'
build='x86_64-pc-linux-gnu'
build_alias=''
build_cpu='x86_64'
build_os='linux-gnu'
build_vendor='pc'
datadir='${datarootdir}'
datarootdir='${prefix}/share'
default_wordsize='0'
docdir='${datarootdir}/doc/${PACKAGE}'
dvidir='${docdir}'
edit_msg='++++++ This file is automatically generated, don'\''t edit it by hand! ++++++'
exec_prefix='${prefix}'
fdopen_dec='1'
ftell_dec='1'
has_math_inf='1'
have_ansicontrols='0'
have_clz='1'
have_clzl='1'
have_clzll='1'
have_const='1'
have_fork='1'
have_fseeko='1'
have_getrusage='1'
have_gettimeofday='1'
have_hwpopcnt='1'
have_isatty='1'
have_mmpop32='0'
have_mmpop64='0'
have_perror='1'
have_pid_t='1'
have_pipe='1'
have_popcnt='1'
have_popcntl='1'
have_popcntll='1'
have_popen='1'
have_pthread='1'
have_putenv='1'
have_setenv='1'
have_sigaction='1'
have_sigprocmask='1'
have_time='1'
have_times='1'
have_tls='0'
have_wait='1'
header_errno_h='1'
header_pthread_h='1'
header_signal_h='1'
header_stddef_h='1'
header_stdlib_h='1'
header_string_h='1'
header_sys_types_h='1'
header_sys_wait_h='1'
header_unistd_h='1'
host='x86_64-pc-linux-gnu'
host_alias=''
host_cpu='x86_64'
host_os='linux-gnu'
host_vendor='pc'
htmldir='${docdir}'
includedir='${prefix}/include'
infodir='${datarootdir}/info'
libdir='${exec_prefix}/lib'
libexecdir='${exec_prefix}/libexec'
localedir='${datarootdir}/locale'
localstatedir='${prefix}/var'
lok='1'
malloc_dec='1'
mandir='${datarootdir}/man'
oldincludedir='/usr/include'
pdfdir='${docdir}'
popen_dec='1'
prefix='/usr/local'
program_transform_name='s,x,x,'
psdir='${docdir}'
putenv_dec='1'
sbindir='${exec_prefix}/sbin'
setenv_dec='1'
sharedstatedir='${prefix}/com'
shortg_or_null='shortg'
sort_newparams_ok='1'
sort_prog='sort'
stdio_nolock='1'
sysconfdir='${prefix}/etc'
target_alias=''
testprogs='dreadtest dreadtestS dreadtestS1 dreadtest4K dreadtest1 dreadtestW dreadtestW1 dreadtestL1 dreadtestL'
threadlib='-lpthread'

## ----------- ##
## confdefs.h. ##
## ----------- ##

/* confdefs.h */
#define PACKAGE_NAME ""
#define PACKAGE_TARNAME ""
#define PACKAGE_VERSION ""
#define PACKAGE_STRING ""
#define PACKAGE_BUGREPORT ""
#define PACKAGE_URL ""
#define HAVE_SYS_WAIT_H 1
#define STDC_HEADERS 1
#define HAVE_SYS_TYPES_H 1
#define HAVE_SYS_STAT_H 1
#define HAVE_STDLIB_H 1
#define HAVE_STRING_H 1
#define HAVE_MEMORY_H 1
#define HAVE_STRINGS_H 1
#define HAVE_INTTYPES_H 1
#define HAVE_STDINT_H 1
#define HAVE_UNISTD_H 1
#define HAVE_SIGNAL_H 1
#define HAVE_STDDEF_H 1
#define HAVE_UNISTD_H 1
#define HAVE_SYS_TYPES_H 1
#define HAVE_SYS_WAIT_H 1
#define HAVE_STDLIB_H 1
#define HAVE_STRING_H 1
#define HAVE_ERRNO_H 1
#define HAVE_PTHREAD_H 1
#define SIZEOF_INT 4
#define SIZEOF_LONG 8
#define SIZEOF_LONG_LONG 8
#define SIZEOF___INT128_T 16
#define HAVE_FORK 1
#define HAVE_VFORK 1
#define HAVE_WORKING_VFORK 1
#define HAVE_WORKING_FORK 1

configure: exit 0
